[2025-08-22 16:30:14,751] INFO: CALL Demo
[2025-08-22 16:30:15,080] INFO: CLICKIMG no match within threshold=8 (best=22)
[2025-08-22 16:30:21,446] INFO: CALL Demo
[2025-08-22 16:30:21,734] INFO: CLICKIMG no match within threshold=8 (best=28)
[2025-08-22 16:30:27,815] INFO: CALL Demo
[2025-08-22 16:30:28,095] INFO: CLICKIMG no match within threshold=8 (best=28)
[2025-08-22 16:31:31,862] INFO: CALL Demo
[2025-08-22 16:31:32,145] INFO: CLICKIMG no match within threshold=8 (best=28)
[2025-08-22 16:40:28,787] INFO: CALL Demo
[2025-08-22 16:40:28,788] INFO: CLICKIMG import error: No module named 'preprocess'
[2025-08-22 16:41:15,107] INFO: CALL Demo
[2025-08-22 16:41:15,107] INFO: CLICKIMG import error: attempted relative import beyond top-level package
[2025-08-22 16:41:54,664] INFO: CALL Demo
[2025-08-22 16:41:54,666] INFO: CLICKIMG import error: No module named 'screenshot'
[2025-08-22 16:42:09,689] INFO: CALL Demo
[2025-08-22 16:42:09,692] INFO: CLICKIMG import error: No module named 'screenshot'
[2025-08-22 16:43:01,387] INFO: CALL Demo
[2025-08-22 16:43:01,389] INFO: CLICKIMG import error: No module named 'screenshot'
[2025-08-22 16:44:55,260] INFO: CALL Demo
[2025-08-22 16:44:55,551] INFO: CLICKIMG: no exact hash match among detected regions
[2025-08-22 16:45:00,823] INFO: CALL Demo
[2025-08-22 16:45:01,093] INFO: CLICKIMG match -> rect=(978, 125, 17, 11), click=left
[2025-08-22 17:08:08,010] INFO: CALL Demo
[2025-08-22 17:08:08,012] INFO: CLICKIMG import error: No module named 'screenshot'
[2025-08-22 17:08:56,968] INFO: CALL Demo
[2025-08-22 17:08:56,969] INFO: CLICKIMG import error: No module named 'screenshot'
[2025-08-22 17:09:18,489] INFO: CALL Demo
[2025-08-22 17:09:18,493] INFO: CLICKIMG import error: No module named 'screenshot'
[2025-08-22 17:09:39,662] INFO: CALL Demo
[2025-08-22 17:09:39,662] INFO: CLICKIMG import error: No module named 'screenshot'
[2025-08-22 17:10:40,170] INFO: CALL Demo
[2025-08-22 17:10:40,178] INFO: CLICKIMG detect_words() failed: name 'pyautogui' is not defined
[2025-08-22 17:11:16,798] INFO: CALL Demo
[2025-08-22 17:11:17,063] INFO: CLICKIMG: no exact hash match among detected regions
[2025-08-22 17:11:30,372] INFO: CALL Demo
[2025-08-22 17:11:30,680] INFO: CLICKIMG: no exact hash match among detected regions
[2025-08-22 17:11:40,354] INFO: CALL Demo
[2025-08-22 17:11:40,657] INFO: CLICKIMG: no exact hash match among detected regions
[2025-08-22 17:11:59,091] INFO: CALL Demo
[2025-08-22 17:11:59,382] INFO: CLICKIMG: no exact hash match among detected regions
[2025-08-22 17:13:48,188] INFO: CALL Demo
[2025-08-22 17:13:48,441] INFO: CLICKIMG match -> rect=(1899, 970, 16, 10), click=left
[2025-08-22 17:13:52,120] INFO: CALL Demo
[2025-08-22 17:13:52,389] INFO: CLICKIMG match -> rect=(1022, 96, 16, 10), click=left
[2025-08-22 17:13:55,001] INFO: CALL Demo
[2025-08-22 17:13:55,253] INFO: CLICKIMG match -> rect=(1899, 970, 16, 10), click=left
[2025-08-22 17:13:57,608] INFO: CALL Demo
[2025-08-22 17:13:57,874] INFO: CLICKIMG match -> rect=(1022, 96, 16, 10), click=left
[2025-08-22 17:14:02,270] INFO: CALL Demo
[2025-08-22 17:14:02,523] INFO: CLICKIMG match -> rect=(1899, 970, 16, 10), click=left
[2025-08-22 17:14:04,970] INFO: CALL Demo
[2025-08-22 17:14:05,242] INFO: CLICKIMG match -> rect=(1022, 96, 16, 10), click=left
[2025-08-22 17:14:10,068] INFO: CALL Demo
[2025-08-22 17:14:10,310] INFO: CLICKIMG match -> rect=(1899, 970, 16, 10), click=left
